<?xml version="1.0" encoding="UTF-8"?>
<!-- Generated by org.testng.reporters.JUnitReportReporter -->
<testsuite skipped="0" hostname="Navya-QA" name="com.gtr.testcases.FirstTC" tests="1" failures="0" timestamp="2019-11-02T18:37:28 IST" time="24.366" errors="0">
  <testcase name="firstQuestion" time="24.366" classname="com.gtr.testcases.FirstTC"/>
</testsuite> <!-- com.gtr.testcases.FirstTC -->
