<?xml version="1.0" encoding="UTF-8"?>
<!-- Generated by org.testng.reporters.JUnitReportReporter -->
<testsuite skipped="0" hostname="Navya-QA" name="com.gtr.testcases.FifthTC" tests="1" failures="0" timestamp="2019-11-10T20:08:32 IST" time="41.218" errors="0">
  <testcase name="bannerSlider" time="41.218" classname="com.gtr.testcases.FifthTC"/>
</testsuite> <!-- com.gtr.testcases.FifthTC -->
