<?xml version="1.0" encoding="UTF-8"?>
<!-- Generated by org.testng.reporters.JUnitReportReporter -->
<testsuite skipped="0" hostname="Navya-QA" name="com.gtr.testcases.SixthTestCase" tests="1" failures="0" timestamp="2019-10-19T14:15:37 IST" time="44.860" errors="0">
  <testcase name="sixthChallenge" time="44.860" classname="com.gtr.testcases.SixthTestCase"/>
</testsuite> <!-- com.gtr.testcases.SixthTestCase -->
