<?xml version="1.0" encoding="UTF-8"?>
<!-- Generated by org.testng.reporters.JUnitReportReporter -->
<testsuite skipped="0" hostname="Navya-QA" name="com.gtr.testcases.FirstTestCase" tests="1" failures="0" timestamp="2019-10-19T13:53:13 IST" time="31.451" errors="0">
  <testcase name="firstChallenge" time="31.451" classname="com.gtr.testcases.FirstTestCase"/>
</testsuite> <!-- com.gtr.testcases.FirstTestCase -->
