<?xml version="1.0" encoding="UTF-8"?>
<!-- Generated by org.testng.reporters.JUnitReportReporter -->
<testsuite skipped="0" hostname="Navya-QA" name="com.gtr.testcases.ThirdTC" tests="1" failures="0" timestamp="2019-11-10T20:42:37 IST" time="28.650" errors="0">
  <testcase name="thirdQuestion" time="28.650" classname="com.gtr.testcases.ThirdTC"/>
</testsuite> <!-- com.gtr.testcases.ThirdTC -->
