<?xml version="1.0" encoding="UTF-8"?>
<!-- Generated by org.testng.reporters.JUnitReportReporter -->
<testsuite skipped="0" hostname="Navya-QA" name="com.gtr.testcases.SecondTC" tests="1" failures="0" timestamp="2019-11-02T20:04:31 IST" time="15.127" errors="0">
  <testcase name="firstQuestion" time="15.127" classname="com.gtr.testcases.SecondTC"/>
</testsuite> <!-- com.gtr.testcases.SecondTC -->
