<?xml version="1.0" encoding="UTF-8"?>
<!-- Generated by org.testng.reporters.JUnitReportReporter -->
<testsuite skipped="0" hostname="Navya-QA" name="com.gtr.testcases.FourthTC" tests="1" failures="0" timestamp="2019-11-10T20:46:47 IST" time="64.303" errors="0">
  <testcase name="fourthQuestion" time="64.303" classname="com.gtr.testcases.FourthTC"/>
</testsuite> <!-- com.gtr.testcases.FourthTC -->
